2019-06-30 16:26:55,820: Main loop
2019-06-30 16:37:57,377: Main loop
2019-06-30 16:39:10,672: Main loop
2019-06-30 16:39:11,722: Main loop
2019-06-30 16:39:29,070: Main loop
2019-06-30 16:41:12,331: Main loop
2019-06-30 16:41:23,569: Main loop
2019-06-30 17:05:28,329: Main loop
2019-06-30 17:29:31,355: Main loop
2019-06-30 17:29:53,612: Main loop
2019-06-30 17:30:20,017: Main loop
2019-06-30 17:30:28,401: Main loop
2019-06-30 17:30:39,584: Main loop
2019-06-30 17:32:15,272: Main loop
2019-06-30 17:33:30,090: Main loop
2019-06-30 17:37:45,202: Main loop
2019-06-30 17:41:15,758: Main loop
2019-06-30 17:42:19,451: Main loop
2019-06-30 17:42:32,850: Main loop
2019-06-30 17:47:06,695: Main loop
2019-06-30 17:47:14,534: Main loop
2019-06-30 17:47:32,632: Main loop
2019-06-30 17:47:43,447: Main loop
2019-06-30 17:48:29,585: Main loop
2019-06-30 17:57:32,469: Main loop
2019-06-30 17:57:40,627: Main loop
2019-06-30 17:58:46,493: Main loop
2019-06-30 17:59:22,885: Main loop
2019-06-30 18:00:37,169: Main loop
2019-06-30 18:01:37,896: Main loop
2019-06-30 18:04:22,490: Main loop
2019-06-30 18:05:23,166: Main loop
2019-06-30 18:06:11,148: Main loop
2019-06-30 18:07:42,011: Main loop
2019-06-30 18:08:01,502: Main loop
2019-06-30 18:08:01,637: http://www.google.plasdfFalse2000.135
2019-06-30 18:08:16,773: http://www.google.plasdfFalse2000.131
2019-06-30 18:08:31,938: http://www.google.plasdfFalse2000.149
2019-06-30 18:08:47,086: http://www.google.plasdfFalse2000.133
2019-06-30 18:08:52,700: Main loop
2019-06-30 18:08:52,850: http://www.google.plasdfFalse2000.15
2019-06-30 18:09:08,033: http://www.google.plasdfFalse2000.168
2019-06-30 18:09:25,694: Main loop
2019-06-30 18:09:25,827: http://www.google.pl asdf False 200 0.133
2019-06-30 18:09:40,978: http://www.google.pl asdf False 200 0.136
2019-06-30 18:09:56,168: http://www.google.pl asdf False 200 0.174
2019-06-30 18:10:11,323: http://www.google.pl asdf False 200 0.14
2019-06-30 18:10:26,471: http://www.google.pl asdf False 200 0.132
2019-06-30 18:10:41,624: http://www.google.pl asdf False 200 0.138
2019-06-30 18:10:45,845: Main loop
2019-06-30 18:12:33,605: Main loop
2019-06-30 18:15:51,386: Main loop
2019-06-30 18:16:13,457: Main loop
2019-06-30 18:16:38,606: Main loop
2019-06-30 18:16:38,655: http://www.gosdfdfdogle.pl asdf None website unreachable 0.049
2019-06-30 18:16:53,726: http://www.gosdfdfdogle.pl asdf None website unreachable 0.056
2019-06-30 18:17:08,833: http://www.gosdfdfdogle.pl asdf None website unreachable 0.092
2019-06-30 18:17:23,899: http://www.gosdfdfdogle.pl asdf None website unreachable 0.051
2019-06-30 18:17:39,008: http://www.gosdfdfdogle.pl asdf None website unreachable 0.095
2019-06-30 18:17:54,081: http://www.gosdfdfdogle.pl asdf None website unreachable 0.058
2019-06-30 18:18:09,161: http://www.gosdfdfdogle.pl asdf None website unreachable 0.065
2019-06-30 18:18:24,239: http://www.gosdfdfdogle.pl asdf None website unreachable 0.064
2019-06-30 18:18:39,376: http://www.gosdfdfdogle.pl asdf None website unreachable 0.121
2019-06-30 18:18:55,838: Main loop
2019-06-30 18:18:55,957: http://www.google.pl search True 200 0.119
2019-06-30 18:19:11,101: http://www.google.pl search True 200 0.129
2019-06-30 18:19:27,351: Main loop
2019-06-30 18:19:27,512: http://www.google.pl; search; True; 200; 0.16
2019-06-30 18:19:42,657: http://www.google.pl; search; True; 200; 0.131
2019-06-30 18:19:48,237; Main loop
2019-06-30 18:19:48,359; http://www.google.pl; search; True; 200; 0.122
2019-06-30 18:20:03,502; http://www.google.pl; search; True; 200; 0.135
2019-06-30 18:20:18,690; http://www.google.pl; search; True; 200; 0.173
2019-06-30 18:20:33,842; http://www.google.pl; search; True; 200; 0.137
2019-06-30 18:20:49,061; http://www.google.pl; search; True; 200; 0.209
2019-06-30 18:21:04,199; http://www.google.pl; search; True; 200; 0.134
2019-06-30 18:21:19,486; http://www.google.pl; search; True; 200; 0.271
2019-06-30 18:21:34,649; http://www.google.pl; search; True; 200; 0.148
2019-06-30 18:21:49,797; http://www.google.pl; search; True; 200; 0.132
2019-06-30 18:22:04,932; http://www.google.pl; search; True; 200; 0.12
2019-06-30 18:22:20,089; http://www.google.pl; search; True; 200; 0.142
2019-06-30 18:22:35,233; http://www.google.pl; search; True; 200; 0.129
2019-06-30 18:22:50,416; http://www.google.pl; search; True; 200; 0.168
2019-06-30 18:23:05,630; http://www.google.pl; search; True; 200; 0.199
2019-06-30 18:23:20,772; http://www.google.pl; search; True; 200; 0.131
2019-06-30 18:23:36,000; http://www.google.pl; search; True; 200; 0.213
2019-06-30 18:23:51,144; http://www.google.pl; search; True; 200; 0.132
2019-06-30 18:24:06,295; http://www.google.pl; search; True; 200; 0.135
2019-06-30 18:24:21,424; http://www.google.pl; search; True; 200; 0.127
2019-06-30 18:24:36,560; http://www.google.pl; search; True; 200; 0.12
2019-06-30 18:24:51,768; http://www.google.pl; search; True; 200; 0.192
2019-06-30 18:25:06,914; http://www.google.pl; search; True; 200; 0.131
2019-06-30 18:25:22,047; http://www.google.pl; search; True; 200; 0.129
2019-06-30 18:25:37,197; http://www.google.pl; search; True; 200; 0.136
2019-06-30 18:25:52,355; http://www.google.pl; search; True; 200; 0.147
2019-06-30 18:26:07,504; http://www.google.pl; search; True; 200; 0.134
2019-06-30 18:26:22,882; http://www.google.pl; search; True; 200; 0.369
2019-06-30 18:26:38,021; http://www.google.pl; search; True; 200; 0.123
2019-06-30 18:26:53,196; http://www.google.pl; search; True; 200; 0.161
2019-06-30 18:27:08,336; http://www.google.pl; search; True; 200; 0.124
2019-06-30 18:27:23,508; http://www.google.pl; search; True; 200; 0.157
2019-06-30 18:27:38,677; http://www.google.pl; search; True; 200; 0.16
2019-06-30 18:27:53,831; http://www.google.pl; search; True; 200; 0.139
2019-06-30 18:28:08,978; http://www.google.pl; search; True; 200; 0.131
2019-06-30 18:28:29,143; http://www.google.pl; search; True; 200; 5.15
2019-06-30 18:28:44,301; http://www.google.pl; search; True; 200; 0.143
2019-06-30 18:28:59,477; http://www.google.pl; search; True; 200; 0.161
2019-06-30 18:29:14,634; http://www.google.pl; search; True; 200; 0.142
2019-06-30 18:29:29,800; http://www.google.pl; search; True; 200; 0.15
2019-06-30 18:29:44,962; http://www.google.pl; search; True; 200; 0.147
2019-06-30 18:30:00,385; http://www.google.pl; search; True; 200; 0.408
2019-06-30 18:30:15,544; http://www.google.pl; search; True; 200; 0.144
2019-06-30 18:30:30,853; http://www.google.pl; search; True; 200; 0.293
2019-06-30 18:30:46,068; http://www.google.pl; search; True; 200; 0.201
2019-06-30 18:31:01,236; http://www.google.pl; search; True; 200; 0.154
2019-06-30 18:31:16,401; http://www.google.pl; search; True; 200; 0.149
2019-06-30 18:31:31,568; http://www.google.pl; search; True; 200; 0.153
2019-06-30 18:31:46,721; http://www.google.pl; search; True; 200; 0.143
2019-06-30 18:32:01,888; http://www.google.pl; search; True; 200; 0.152
2019-06-30 18:32:17,064; http://www.google.pl; search; True; 200; 0.16
2019-06-30 18:32:32,238; http://www.google.pl; search; True; 200; 0.16
2019-06-30 18:32:47,413; http://www.google.pl; search; True; 200; 0.16
2019-06-30 18:33:02,690; http://www.google.pl; search; True; 200; 0.261
2019-06-30 18:33:17,873; http://www.google.pl; search; True; 200; 0.168
2019-06-30 18:33:33,086; http://www.google.pl; search; True; 200; 0.198
2019-06-30 18:33:37,481; Main loop
2019-06-30 18:33:43,809; Main loop
2019-06-30 18:34:10,532; Main loop
2019-06-30 18:35:47,472; Main loop
2019-06-30 18:35:58,894; Main loop
2019-06-30 18:36:57,290; Main loop
2019-06-30 18:37:52,520; Main loop
2019-06-30 18:38:57,959; Main loop
2019-06-30 18:39:35,078; Main loop
2019-06-30 18:39:35,224; http://www.google.pl; search; True; 200; 0.145
2019-06-30 18:39:35,358; https://www.facebook.com; cmg; False; 200; 0.274
2019-06-30 18:39:36,384; http://www.chomikuj.pl; param pam pam; False; 200; 1.304
2019-06-30 18:39:38,767; https://www.facebook.com; cmg; False; 200; 0.406
2019-06-30 18:39:42,165; https://www.facebook.com; cmg; False; 200; 0.395
2019-06-30 18:39:45,445; http://www.google.pl; search; True; 200; 0.21
2019-06-30 18:39:45,578; https://www.facebook.com; cmg; False; 200; 0.41
2019-06-30 18:39:48,847; https://www.facebook.com; cmg; False; 200; 0.266
2019-06-30 18:39:52,090; https://www.facebook.com; cmg; False; 200; 0.239
2019-06-30 18:39:55,460; https://www.facebook.com; cmg; False; 200; 0.366
2019-06-30 18:39:55,573; http://www.google.pl; search; True; 200; 0.123
2019-06-30 18:39:58,932; https://www.facebook.com; cmg; False; 200; 0.469
2019-06-30 18:40:02,312; https://www.facebook.com; cmg; False; 200; 0.376
2019-06-30 18:40:05,571; https://www.facebook.com; cmg; False; 200; 0.256
2019-06-30 18:40:05,732; http://www.google.pl; search; True; 200; 0.149
2019-06-30 18:40:08,810; https://www.facebook.com; cmg; False; 200; 0.236
2019-06-30 18:40:12,059; https://www.facebook.com; cmg; False; 200; 0.247
2019-06-30 18:40:15,396; https://www.facebook.com; cmg; False; 200; 0.334
2019-06-30 18:40:15,862; http://www.google.pl; search; True; 200; 0.121
2019-06-30 18:40:18,799; https://www.facebook.com; cmg; False; 200; 0.399
2019-06-30 18:40:22,180; https://www.facebook.com; cmg; False; 200; 0.378
2019-06-30 18:40:25,433; https://www.facebook.com; cmg; False; 200; 0.249
2019-06-30 18:40:26,004; http://www.google.pl; search; True; 200; 0.131
2019-06-30 18:40:28,726; https://www.facebook.com; cmg; False; 200; 0.291
2019-06-30 18:40:32,126; https://www.facebook.com; cmg; False; 200; 0.397
2019-06-30 18:40:35,606; https://www.facebook.com; cmg; False; 200; 0.478
2019-06-30 18:40:36,170; http://www.google.pl; search; True; 200; 0.166
2019-06-30 18:40:37,615; http://www.chomikuj.pl; param pam pam; False; 200; 1.222
2019-06-30 18:40:38,851; https://www.facebook.com; cmg; False; 200; 0.242
2019-06-30 18:40:42,143; https://www.facebook.com; cmg; False; 200; 0.288
2019-06-30 18:40:45,397; https://www.facebook.com; cmg; False; 200; 0.251
2019-06-30 18:40:46,333; http://www.google.pl; search; True; 200; 0.152
2019-06-30 18:40:49,909; Main loop
2019-06-30 18:40:49,975; https://www.localhost.tralalala; can't \touch \\me; None; website unreachable; 0.059
2019-06-30 18:40:50,052; http://www.google.pl; search; True; 200; 0.141
2019-06-30 18:40:50,163; https://www.facebook.com; cmg; False; 200; 0.248
2019-06-30 18:40:50,830; http://www.chomikuj.pl; param pam pam; False; 200; 0.918
2019-06-30 18:40:53,511; https://www.facebook.com; cmg; False; 200; 0.345
2019-06-30 18:40:56,749; https://www.facebook.com; cmg; False; 200; 0.234
2019-06-30 18:41:00,037; https://www.localhost.tralalala; can't \touch \\me; None; website unreachable; 0.052
2019-06-30 18:41:00,059; https://www.facebook.com; cmg; False; 200; 0.307
2019-06-30 18:41:00,174; http://www.google.pl; search; True; 200; 0.113
2019-06-30 18:41:03,357; https://www.facebook.com; cmg; False; 200; 0.295
2019-06-30 18:41:06,721; https://www.facebook.com; cmg; False; 200; 0.36
2019-06-30 18:41:10,097; https://www.facebook.com; cmg; False; 200; 0.373
2019-06-30 18:41:10,139; https://www.localhost.tralalala; can't \touch \\me; None; website unreachable; 0.091
2019-06-30 18:41:10,311; http://www.google.pl; search; True; 200; 0.136
2019-06-30 18:41:13,477; https://www.facebook.com; cmg; False; 200; 0.377
2019-06-30 18:41:16,725; https://www.facebook.com; cmg; False; 200; 0.245
2019-06-30 18:41:20,027; https://www.facebook.com; cmg; False; 200; 0.299
2019-06-30 18:41:20,199; https://www.localhost.tralalala; can't \touch \\me; None; website unreachable; 0.05
2019-06-30 18:41:20,443; http://www.google.pl; search; True; 200; 0.122
2019-06-30 18:41:23,418; https://www.facebook.com; cmg; False; 200; 0.388
2019-06-30 18:41:26,790; https://www.facebook.com; cmg; False; 200; 0.369
2019-06-30 18:41:30,068; https://www.facebook.com; cmg; False; 200; 0.276
2019-06-30 18:41:30,269; https://www.localhost.tralalala; can't \touch \\me; None; website unreachable; 0.059
2019-06-30 18:41:30,590; http://www.google.pl; search; True; 200; 0.137
2019-06-30 18:41:33,304; https://www.facebook.com; cmg; False; 200; 0.233
2019-06-30 18:41:35,760; Main loop
2019-06-30 18:41:35,818; https://www.localhost.tralalala; can't \touch \\me; None; website unreachable; 0.051
2019-06-30 18:41:35,916; http://www.google.pl; search; True; 200; 0.153
2019-06-30 18:41:36,037; https://www.facebook.com; cmg; False; 200; 0.271
2019-06-30 18:41:36,906; http://www.chomikuj.pl; param pam pam; False; 200; 1.143
2019-06-30 18:41:39,407; https://www.facebook.com; cmg; False; 200; 0.367
2019-06-30 18:41:42,770; https://www.facebook.com; cmg; False; 200; 0.36
2019-06-30 18:41:45,876; https://www.localhost.tralalala; can't \touch \\me; None; website unreachable; 0.048
2019-06-30 18:41:46,053; http://www.google.pl; search; True; 200; 0.128
2019-06-30 18:41:46,073; https://www.facebook.com; cmg; False; 200; 0.299
2019-06-30 18:41:49,399; https://www.facebook.com; cmg; False; 200; 0.323
2019-06-30 18:41:52,892; https://www.facebook.com; cmg; False; 200; 0.489
2019-06-30 18:41:56,080; https://www.localhost.tralalala; can't \touch \\me; None; website unreachable; 0.194
2019-06-30 18:41:56,221; http://www.google.pl; search; True; 200; 0.158
2019-06-30 18:41:56,309; https://www.facebook.com; cmg; False; 200; 0.415
2019-06-30 18:41:59,660; https://www.facebook.com; cmg; False; 200; 0.349
2019-06-30 18:42:02,894; https://www.facebook.com; cmg; False; 200; 0.232
2019-06-30 18:42:06,138; https://www.localhost.tralalala; can't \touch \\me; None; website unreachable; 0.049
2019-06-30 18:42:06,146; https://www.facebook.com; cmg; False; 200; 0.248
2019-06-30 18:42:06,362; http://www.google.pl; search; True; 200; 0.13
2019-06-30 18:42:09,717; https://www.facebook.com; cmg; False; 200; 0.568
2019-06-30 18:42:12,989; https://www.facebook.com; cmg; False; 200; 0.27
2019-06-30 18:42:16,193; https://www.localhost.tralalala; can't \touch \\me; None; website unreachable; 0.046
2019-06-30 18:42:16,253; https://www.facebook.com; cmg; False; 200; 0.261
2019-06-30 18:42:16,703; http://www.google.pl; search; True; 200; 0.331
2019-06-30 18:42:19,499; https://www.facebook.com; cmg; False; 200; 0.242
2019-06-30 18:42:22,751; https://www.facebook.com; cmg; False; 200; 0.249
2019-06-30 18:42:26,007; https://www.facebook.com; cmg; False; 200; 0.254
2019-06-30 18:42:26,370; https://www.localhost.tralalala; can't \touch \\me; None; website unreachable; 0.167
2019-06-30 18:42:26,834; http://www.google.pl; search; True; 200; 0.121
2019-06-30 18:42:29,359; https://www.facebook.com; cmg; False; 200; 0.348
2019-06-30 18:42:32,602; https://www.facebook.com; cmg; False; 200; 0.24
2019-06-30 18:42:35,847; https://www.facebook.com; cmg; False; 200; 0.241
2019-06-30 18:42:36,446; https://www.localhost.tralalala; can't \touch \\me; None; website unreachable; 0.065
2019-06-30 18:42:36,963; http://www.google.pl; search; True; 200; 0.124
2019-06-30 18:42:38,142; http://www.chomikuj.pl; param pam pam; False; 200; 1.175
2019-06-30 18:42:39,154; https://www.facebook.com; cmg; False; 200; 0.304
2019-06-30 18:42:42,417; https://www.facebook.com; cmg; False; 200; 0.259
2019-06-30 18:42:45,673; https://www.facebook.com; cmg; False; 200; 0.255
2019-06-30 18:42:46,533; https://www.localhost.tralalala; can't \touch \\me; None; website unreachable; 0.077
2019-06-30 18:42:47,124; http://www.google.pl; search; True; 200; 0.156
2019-06-30 18:42:48,966; https://www.facebook.com; cmg; False; 200; 0.289
2019-06-30 18:42:52,258; https://www.facebook.com; cmg; False; 200; 0.29
2019-06-30 18:42:55,606; https://www.facebook.com; cmg; False; 200; 0.344
2019-06-30 18:42:56,609; https://www.localhost.tralalala; can't \touch \\me; None; website unreachable; 0.066
2019-06-30 18:42:57,276; http://www.google.pl; search; True; 200; 0.141
2019-06-30 18:42:58,825; https://www.facebook.com; cmg; False; 200; 0.216
2019-06-30 18:43:02,129; https://www.facebook.com; cmg; False; 200; 0.301
2019-06-30 18:43:05,385; https://www.facebook.com; cmg; False; 200; 0.253
2019-06-30 18:43:06,687; https://www.localhost.tralalala; can't \touch \\me; None; website unreachable; 0.068
2019-06-30 18:43:07,416; http://www.google.pl; search; True; 200; 0.13
2019-06-30 18:43:08,626; https://www.facebook.com; cmg; False; 200; 0.238
2019-06-30 18:43:11,983; https://www.facebook.com; cmg; False; 200; 0.354
2019-06-30 18:43:15,345; https://www.facebook.com; cmg; False; 200; 0.358
2019-06-30 18:43:16,750; https://www.localhost.tralalala; can't \touch \\me; None; website unreachable; 0.053
2019-06-30 18:43:17,553; http://www.google.pl; search; True; 200; 0.127
2019-06-30 18:43:18,609; https://www.facebook.com; cmg; False; 200; 0.261
2019-06-30 18:43:21,865; https://www.facebook.com; cmg; False; 200; 0.253
2019-06-30 18:43:25,229; https://www.facebook.com; cmg; False; 200; 0.361
2019-06-30 18:43:26,859; https://www.localhost.tralalala; can't \touch \\me; None; website unreachable; 0.099
2019-06-30 18:43:27,713; http://www.google.pl; search; True; 200; 0.149
2019-06-30 18:43:28,560; https://www.facebook.com; cmg; False; 200; 0.328
2019-06-30 18:43:31,928; https://www.facebook.com; cmg; False; 200; 0.367
2019-06-30 18:43:35,164; https://www.facebook.com; cmg; False; 200; 0.233
2019-06-30 18:43:36,917; https://www.localhost.tralalala; can't \touch \\me; None; website unreachable; 0.047
2019-06-30 18:43:37,843; http://www.google.pl; search; True; 200; 0.12
2019-06-30 18:43:38,413; https://www.facebook.com; cmg; False; 200; 0.246
2019-06-30 18:43:39,219; http://www.chomikuj.pl; param pam pam; False; 200; 1.018
2019-06-30 18:43:41,660; https://www.facebook.com; cmg; False; 200; 0.244
2019-06-30 18:43:45,032; https://www.facebook.com; cmg; False; 200; 0.368
2019-06-30 18:43:46,992; https://www.localhost.tralalala; can't \touch \\me; None; website unreachable; 0.066
2019-06-30 18:43:47,986; http://www.google.pl; search; True; 200; 0.133
2019-06-30 18:43:48,494; https://www.facebook.com; cmg; False; 200; 0.459
2019-06-30 18:43:51,894; https://www.facebook.com; cmg; False; 200; 0.397
2019-06-30 18:43:55,309; https://www.facebook.com; cmg; False; 200; 0.412
2019-06-30 18:43:57,052; https://www.localhost.tralalala; can't \touch \\me; None; website unreachable; 0.049
2019-06-30 18:43:58,145; http://www.google.pl; search; True; 200; 0.149
2019-06-30 18:43:58,676; https://www.facebook.com; cmg; False; 200; 0.364
2019-06-30 18:44:02,026; https://www.facebook.com; cmg; False; 200; 0.347
2019-06-30 18:44:05,415; https://www.facebook.com; cmg; False; 200; 0.386
2019-06-30 18:44:07,140; https://www.localhost.tralalala; can't \touch \\me; None; website unreachable; 0.079
2019-06-30 18:44:08,290; http://www.google.pl; search; True; 200; 0.135
2019-06-30 18:44:08,801; https://www.facebook.com; cmg; False; 200; 0.383
2019-06-30 18:44:12,066; https://www.facebook.com; cmg; False; 200; 0.261
2019-06-30 18:44:15,550; https://www.facebook.com; cmg; False; 200; 0.481
2019-06-30 18:44:17,215; https://www.localhost.tralalala; can't \touch \\me; None; website unreachable; 0.065
2019-06-30 18:44:18,593; http://www.google.pl; search; True; 200; 0.293
2019-06-30 18:44:18,816; https://www.facebook.com; cmg; False; 200; 0.263
2019-06-30 18:44:22,118; https://www.facebook.com; cmg; False; 200; 0.3
2019-06-30 18:44:25,503; https://www.facebook.com; cmg; False; 200; 0.381
2019-06-30 18:44:27,285; https://www.localhost.tralalala; can't \touch \\me; None; website unreachable; 0.061
2019-06-30 18:44:28,721; http://www.google.pl; search; True; 200; 0.118
2019-06-30 18:44:28,755; https://www.facebook.com; cmg; False; 200; 0.25
2019-06-30 18:44:32,054; https://www.facebook.com; cmg; False; 200; 0.296
2019-06-30 18:44:35,311; https://www.facebook.com; cmg; False; 200; 0.255
2019-06-30 18:44:37,360; https://www.localhost.tralalala; can't \touch \\me; None; website unreachable; 0.064
2019-06-30 18:44:38,688; https://www.facebook.com; cmg; False; 200; 0.373
2019-06-30 18:44:38,857; http://www.google.pl; search; True; 200; 0.126
2019-06-30 18:44:40,407; http://www.chomikuj.pl; param pam pam; False; 200; 1.172
2019-06-30 18:44:41,944; https://www.facebook.com; cmg; False; 200; 0.254
2019-06-30 18:44:45,282; https://www.facebook.com; cmg; False; 200; 0.334
2019-06-30 18:44:47,442; https://www.localhost.tralalala; can't \touch \\me; None; website unreachable; 0.071
2019-06-30 18:44:48,558; https://www.facebook.com; cmg; False; 200; 0.273
2019-06-30 18:44:48,994; http://www.google.pl; search; True; 200; 0.127
2019-06-30 18:44:51,919; https://www.facebook.com; cmg; False; 200; 0.357
2019-06-30 18:44:55,171; https://www.facebook.com; cmg; False; 200; 0.249
2019-06-30 18:44:57,511; https://www.localhost.tralalala; can't \touch \\me; None; website unreachable; 0.059
2019-06-30 18:44:58,440; https://www.facebook.com; cmg; False; 200; 0.266
2019-06-30 18:44:59,142; http://www.google.pl; search; True; 200; 0.137
2019-06-30 18:45:01,707; https://www.facebook.com; cmg; False; 200; 0.264
2019-06-30 18:45:05,107; https://www.facebook.com; cmg; False; 200; 0.397
2019-06-30 18:45:07,578; https://www.localhost.tralalala; can't \touch \\me; None; website unreachable; 0.057
2019-06-30 18:45:08,411; https://www.facebook.com; cmg; False; 200; 0.301
2019-06-30 18:45:09,282; http://www.google.pl; search; True; 200; 0.13
2019-06-30 18:45:11,887; https://www.facebook.com; cmg; False; 200; 0.472
2019-06-30 18:45:15,159; https://www.facebook.com; cmg; False; 200; 0.269
2019-06-30 18:45:17,633; https://www.localhost.tralalala; can't \touch \\me; None; website unreachable; 0.052
2019-06-30 18:45:18,424; https://www.facebook.com; cmg; False; 200; 0.261
2019-06-30 18:45:19,429; http://www.google.pl; search; True; 200; 0.137
2019-06-30 18:45:21,677; https://www.facebook.com; cmg; False; 200; 0.249
2019-06-30 18:45:25,183; https://www.facebook.com; cmg; False; 200; 0.502
2019-06-30 18:45:27,713; https://www.localhost.tralalala; can't \touch \\me; None; website unreachable; 0.07
2019-06-30 18:45:28,413; https://www.facebook.com; cmg; False; 200; 0.228
2019-06-30 18:45:29,584; http://www.google.pl; search; True; 200; 0.145
2019-06-30 18:45:31,760; https://www.facebook.com; cmg; False; 200; 0.343
2019-06-30 18:45:35,015; https://www.facebook.com; cmg; False; 200; 0.252
2019-06-30 18:45:37,790; https://www.localhost.tralalala; can't \touch \\me; None; website unreachable; 0.068
2019-06-30 18:45:38,391; https://www.facebook.com; cmg; False; 200; 0.374
2019-06-30 18:45:39,733; http://www.google.pl; search; True; 200; 0.139
2019-06-30 18:45:41,507; http://www.chomikuj.pl; param pam pam; False; 200; 1.04
2019-06-30 18:45:41,780; https://www.facebook.com; cmg; False; 200; 0.385
2019-06-30 18:45:45,013; https://www.facebook.com; cmg; False; 200; 0.231
2019-06-30 18:45:47,880; https://www.localhost.tralalala; can't \touch \\me; None; website unreachable; 0.079
2019-06-30 18:45:48,444; https://www.facebook.com; cmg; False; 200; 0.427
2019-06-30 18:45:49,889; http://www.google.pl; search; True; 200; 0.146
2019-06-30 18:45:51,712; https://www.facebook.com; cmg; False; 200; 0.264
2019-06-30 18:45:54,992; https://www.facebook.com; cmg; False; 200; 0.276
2019-06-30 18:45:57,941; https://www.localhost.tralalala; can't \touch \\me; None; website unreachable; 0.06
2019-06-30 18:45:58,248; https://www.facebook.com; cmg; False; 200; 0.252
2019-06-30 18:46:00,045; http://www.google.pl; search; True; 200; 0.153
2019-06-30 18:46:01,511; https://www.facebook.com; cmg; False; 200; 0.26
2019-06-30 18:46:04,781; https://www.facebook.com; cmg; False; 200; 0.266
2019-06-30 18:46:08,000; https://www.localhost.tralalala; can't \touch \\me; None; website unreachable; 0.049
2019-06-30 18:46:08,035; https://www.facebook.com; cmg; False; 200; 0.251
2019-06-30 18:46:10,179; http://www.google.pl; search; True; 200; 0.123
2019-06-30 18:46:11,359; https://www.facebook.com; cmg; False; 200; 0.321
2019-06-30 18:46:14,848; https://www.facebook.com; cmg; False; 200; 0.485
2019-06-30 18:46:18,065; https://www.localhost.tralalala; can't \touch \\me; None; website unreachable; 0.054
2019-06-30 18:46:18,109; https://www.facebook.com; cmg; False; 200; 0.258
2019-06-30 18:46:20,378; http://www.google.pl; search; True; 200; 0.194
2019-06-30 18:46:21,358; https://www.facebook.com; cmg; False; 200; 0.246
2019-06-30 18:46:24,599; https://www.facebook.com; cmg; False; 200; 0.238
2019-06-30 18:46:27,952; https://www.facebook.com; cmg; False; 200; 0.349
2019-06-30 18:46:28,131; https://www.localhost.tralalala; can't \touch \\me; None; website unreachable; 0.056
2019-06-30 18:46:30,509; http://www.google.pl; search; True; 200; 0.121
2019-06-30 18:46:31,239; https://www.facebook.com; cmg; False; 200; 0.283
2019-06-30 18:46:34,505; https://www.facebook.com; cmg; False; 200; 0.263
2019-06-30 18:46:37,787; https://www.facebook.com; cmg; False; 200; 0.279
2019-06-30 18:46:38,202; https://www.localhost.tralalala; can't \touch \\me; None; website unreachable; 0.061
2019-06-30 18:46:40,641; http://www.google.pl; search; True; 200; 0.122
2019-06-30 18:46:41,103; https://www.facebook.com; cmg; False; 200; 0.313
2019-06-30 18:46:42,674; http://www.chomikuj.pl; param pam pam; False; 200; 1.137
2019-06-30 18:46:44,539; https://www.facebook.com; cmg; False; 200; 0.434
2019-06-30 18:46:47,791; https://www.facebook.com; cmg; False; 200; 0.249
2019-06-30 18:46:48,274; https://www.localhost.tralalala; can't \touch \\me; None; website unreachable; 0.061
2019-06-30 18:46:50,778; http://www.google.pl; search; True; 200; 0.135
2019-06-30 18:46:51,040; https://www.facebook.com; cmg; False; 200; 0.246
2019-06-30 18:46:54,373; https://www.facebook.com; cmg; False; 200; 0.33
2019-06-30 18:46:57,750; https://www.facebook.com; cmg; False; 200; 0.373
2019-06-30 18:46:58,411; https://www.localhost.tralalala; can't \touch \\me; None; website unreachable; 0.126
2019-06-30 18:47:00,928; http://www.google.pl; search; True; 200; 0.141
2019-06-30 18:47:00,994; https://www.facebook.com; cmg; False; 200; 0.241
2019-06-30 18:47:04,240; https://www.facebook.com; cmg; False; 200; 0.243
2019-06-30 18:47:07,530; https://www.facebook.com; cmg; False; 200; 0.287
2019-06-30 18:47:08,484; https://www.localhost.tralalala; can't \touch \\me; None; website unreachable; 0.063
2019-06-30 18:47:11,000; https://www.facebook.com; cmg; False; 200; 0.467
2019-06-30 18:47:11,340; http://www.google.pl; search; True; 200; 0.401
2019-06-30 18:47:14,261; https://www.facebook.com; cmg; False; 200; 0.257
2019-06-30 18:47:17,521; https://www.facebook.com; cmg; False; 200; 0.257
2019-06-30 18:47:18,556; https://www.localhost.tralalala; can't \touch \\me; None; website unreachable; 0.061
2019-06-30 18:47:20,894; https://www.facebook.com; cmg; False; 200; 0.369
2019-06-30 18:47:21,473; http://www.google.pl; search; True; 200; 0.122
2019-06-30 18:47:24,273; https://www.facebook.com; cmg; False; 200; 0.376
2019-06-30 18:47:27,662; https://www.facebook.com; cmg; False; 200; 0.386
2019-06-30 18:47:28,641; https://www.localhost.tralalala; can't \touch \\me; None; website unreachable; 0.075
2019-06-30 18:47:31,027; https://www.facebook.com; cmg; False; 200; 0.361
2019-06-30 18:47:31,616; http://www.google.pl; search; True; 200; 0.132
2019-06-30 18:47:34,309; https://www.facebook.com; cmg; False; 200; 0.279
2019-06-30 18:47:37,709; https://www.facebook.com; cmg; False; 200; 0.396
2019-06-30 18:47:38,703; https://www.localhost.tralalala; can't \touch \\me; None; website unreachable; 0.053
2019-06-30 18:47:40,952; https://www.facebook.com; cmg; False; 200; 0.24
2019-06-30 18:47:41,765; http://www.google.pl; search; True; 200; 0.138
2019-06-30 18:47:44,056; http://www.chomikuj.pl; param pam pam; False; 200; 1.323
2019-06-30 18:47:44,217; https://www.facebook.com; cmg; False; 200; 0.262
2019-06-30 18:47:47,480; https://www.facebook.com; cmg; False; 200; 0.26
2019-06-30 18:47:48,772; https://www.localhost.tralalala; can't \touch \\me; None; website unreachable; 0.058
2019-06-30 18:47:50,706; https://www.facebook.com; cmg; False; 200; 0.223
2019-06-30 18:47:51,906; http://www.google.pl; search; True; 200; 0.131
2019-06-30 18:47:53,991; https://www.facebook.com; cmg; True; 200; 0.281
2019-06-30 18:47:57,426; https://www.facebook.com; cmg; False; 200; 0.432
2019-06-30 18:47:58,861; https://www.localhost.tralalala; can't \touch \\me; None; website unreachable; 0.08
2019-06-30 18:48:00,675; https://www.facebook.com; cmg; False; 200; 0.246
2019-06-30 18:48:02,043; http://www.google.pl; search; True; 200; 0.128
2019-06-30 18:48:03,951; https://www.facebook.com; cmg; False; 200; 0.272
2019-06-30 18:48:07,205; https://www.facebook.com; cmg; False; 200; 0.25
2019-06-30 18:48:08,929; https://www.localhost.tralalala; can't \touch \\me; None; website unreachable; 0.057
2019-06-30 18:48:10,657; https://www.facebook.com; cmg; False; 200; 0.448
2019-06-30 18:48:12,187; http://www.google.pl; search; True; 200; 0.133
2019-06-30 18:48:13,894; https://www.facebook.com; cmg; False; 200; 0.234
2019-06-30 18:48:17,150; https://www.facebook.com; cmg; False; 200; 0.254
2019-06-30 18:48:18,995; https://www.localhost.tralalala; can't \touch \\me; None; website unreachable; 0.055
2019-06-30 18:48:20,583; https://www.facebook.com; cmg; False; 200; 0.429
2019-06-30 18:48:22,336; http://www.google.pl; search; True; 200; 0.139
2019-06-30 18:48:23,847; https://www.facebook.com; cmg; False; 200; 0.261
2019-06-30 18:48:27,077; https://www.facebook.com; cmg; False; 200; 0.228
2019-06-30 18:48:29,126; https://www.localhost.tralalala; can't \touch \\me; None; website unreachable; 0.121
2019-06-30 18:48:30,360; https://www.facebook.com; cmg; False; 200; 0.281
2019-06-30 18:48:32,471; http://www.google.pl; search; True; 200; 0.125
2019-06-30 18:48:33,663; https://www.facebook.com; cmg; False; 200; 0.299
2019-06-30 18:48:38,138; https://www.facebook.com; cmg; False; 200; 1.471
2019-06-30 18:48:39,195; https://www.localhost.tralalala; can't \touch \\me; None; website unreachable; 0.059
2019-06-30 18:48:42,612; http://www.google.pl; search; True; 200; 0.137
2019-06-30 18:48:43,019; https://www.facebook.com; cmg; False; 200; 1.877
2019-06-30 18:48:45,346; http://www.chomikuj.pl; param pam pam; False; 200; 1.231
2019-06-30 18:48:48,343; https://www.facebook.com; cmg; False; 200; 2.321
2019-06-30 18:48:49,272; https://www.localhost.tralalala; can't \touch \\me; None; website unreachable; 0.067
2019-06-30 18:48:51,680; https://www.facebook.com; cmg; False; 200; 0.334
2019-06-30 18:48:52,751; http://www.google.pl; search; True; 200; 0.129
2019-06-30 18:48:55,025; https://www.facebook.com; cmg; False; 200; 0.344
2019-06-30 18:48:58,391; https://www.facebook.com; cmg; False; 200; 0.363
2019-06-30 18:48:59,380; https://www.localhost.tralalala; can't \touch \\me; None; website unreachable; 0.098
2019-06-30 18:49:01,654; https://www.facebook.com; cmg; False; 200; 0.259
2019-06-30 18:49:02,896; http://www.google.pl; search; True; 200; 0.136
2019-06-30 18:49:05,034; https://www.facebook.com; cmg; False; 200; 0.376
2019-06-30 18:49:08,288; https://www.facebook.com; cmg; False; 200; 0.251
2019-06-30 18:49:09,455; https://www.localhost.tralalala; can't \touch \\me; None; website unreachable; 0.065
2019-06-30 18:49:11,589; https://www.facebook.com; cmg; False; 200; 0.298
2019-06-30 18:49:13,201; http://www.google.pl; search; True; 200; 0.298
2019-06-30 18:49:14,861; https://www.facebook.com; cmg; False; 200; 0.27
2019-06-30 18:49:18,237; https://www.facebook.com; cmg; False; 200; 0.372
2019-06-30 18:49:19,544; https://www.localhost.tralalala; can't \touch \\me; None; website unreachable; 0.079
2019-06-30 18:49:21,751; https://www.facebook.com; cmg; False; 200; 0.51
2019-06-30 18:49:23,346; http://www.google.pl; search; True; 200; 0.135
2019-06-30 18:49:25,032; https://www.facebook.com; cmg; False; 200; 0.278
2019-06-30 18:49:28,280; https://www.facebook.com; cmg; False; 200; 0.245
2019-06-30 18:49:29,611; https://www.localhost.tralalala; can't \touch \\me; None; website unreachable; 0.057
2019-06-30 18:49:33,576; http://www.google.pl; search; True; 200; 0.221
2019-06-30 18:49:36,579; https://www.facebook.com; cmg; False; 200; 5.296
2019-06-30 18:49:39,682; https://www.localhost.tralalala; can't \touch \\me; None; website unreachable; 0.06
2019-06-30 18:49:40,459; https://www.facebook.com; cmg; False; 200; 0.877
2019-06-30 18:49:43,717; http://www.google.pl; search; True; 200; 0.131
2019-06-30 18:49:43,724; https://www.facebook.com; cmg; False; 200; 0.264
2019-06-30 18:49:46,582; http://www.chomikuj.pl; param pam pam; False; 200; 1.175
2019-06-30 18:49:47,020; https://www.facebook.com; cmg; False; 200; 0.293
2019-06-30 18:49:49,750; https://www.localhost.tralalala; can't \touch \\me; None; website unreachable; 0.057
2019-06-30 18:49:50,399; https://www.facebook.com; cmg; False; 200; 0.376
2019-06-30 18:49:53,699; https://www.facebook.com; cmg; False; 200; 0.296
2019-06-30 18:49:53,854; http://www.google.pl; search; True; 200; 0.127
2019-06-30 18:49:59,808; https://www.localhost.tralalala; can't \touch \\me; None; website unreachable; 0.049
2019-06-30 18:50:02,185; https://www.facebook.com; cmg; False; 200; 5.484
2019-06-30 18:50:04,022; http://www.google.pl; search; True; 200; 0.157
2019-06-30 18:50:05,419; https://www.facebook.com; cmg; False; 200; 0.231
2019-06-30 18:50:08,903; https://www.facebook.com; cmg; False; 200; 0.481
2019-06-30 18:50:09,877; https://www.localhost.tralalala; can't \touch \\me; None; website unreachable; 0.058
2019-06-30 18:50:12,315; https://www.facebook.com; cmg; False; 200; 0.409
2019-06-30 18:50:14,150; http://www.google.pl; search; True; 200; 0.118
2019-06-30 18:50:15,784; https://www.facebook.com; cmg; False; 200; 0.466
2019-06-30 18:50:19,042; https://www.facebook.com; cmg; False; 200; 0.255
2019-06-30 18:50:19,940; https://www.localhost.tralalala; can't \touch \\me; None; website unreachable; 0.053
2019-06-30 18:50:22,318; https://www.facebook.com; cmg; False; 200; 0.273
2019-06-30 18:50:24,296; http://www.google.pl; search; True; 200; 0.143
2019-06-30 18:50:25,725; https://www.facebook.com; cmg; False; 200; 0.405
2019-06-30 18:50:29,106; https://www.facebook.com; cmg; False; 200; 0.377
2019-06-30 18:50:30,011; https://www.localhost.tralalala; can't \touch \\me; None; website unreachable; 0.062
2019-06-30 18:50:32,404; https://www.facebook.com; cmg; False; 200; 0.295
2019-06-30 18:50:34,439; http://www.google.pl; search; True; 200; 0.132
2019-06-30 18:50:35,661; https://www.facebook.com; cmg; False; 200; 0.255
2019-06-30 18:50:39,138; https://www.facebook.com; cmg; False; 200; 0.473
2019-06-30 18:50:40,075; https://www.localhost.tralalala; can't \touch \\me; None; website unreachable; 0.054
2019-06-30 18:50:42,452; https://www.facebook.com; cmg; False; 200; 0.312
2019-06-30 18:50:44,640; http://www.google.pl; search; True; 200; 0.191
2019-06-30 18:50:45,833; https://www.facebook.com; cmg; False; 200; 0.378
2019-06-30 18:50:47,920; http://www.chomikuj.pl; param pam pam; False; 200; 1.279
2019-06-30 18:50:49,125; https://www.facebook.com; cmg; False; 200; 0.29
2019-06-30 18:50:50,148; https://www.localhost.tralalala; can't \touch \\me; None; website unreachable; 0.064
2019-06-30 18:50:52,556; https://www.facebook.com; cmg; False; 200; 0.428
2019-06-30 18:50:54,771; http://www.google.pl; search; True; 200; 0.121
2019-06-30 18:50:56,031; https://www.facebook.com; cmg; False; 200; 0.472
2019-06-30 18:50:59,419; https://www.facebook.com; cmg; False; 200; 0.385
2019-06-30 18:51:00,225; https://www.localhost.tralalala; can't \touch \\me; None; website unreachable; 0.067
2019-06-30 18:51:02,692; https://www.facebook.com; cmg; False; 200; 0.27
2019-06-30 18:51:04,907; http://www.google.pl; search; True; 200; 0.126
2019-06-30 18:51:05,976; https://www.facebook.com; cmg; False; 200; 0.281
2019-06-30 18:51:09,468; https://www.facebook.com; cmg; False; 200; 0.492
2019-06-30 18:51:10,281; https://www.localhost.tralalala; can't \touch \\me; None; website unreachable; 0.046
2019-06-30 18:51:12,753; https://www.facebook.com; cmg; False; 200; 0.282
2019-06-30 18:51:15,087; http://www.google.pl; search; True; 200; 0.171
2019-06-30 18:51:16,051; https://www.facebook.com; cmg; False; 200; 0.294
2019-06-30 18:51:19,384; https://www.facebook.com; cmg; False; 200; 0.33
2019-06-30 18:51:20,335; https://www.localhost.tralalala; can't \touch \\me; None; website unreachable; 0.044
2019-06-30 18:51:22,636; https://www.facebook.com; cmg; False; 200; 0.249
2019-06-30 18:51:25,215; http://www.google.pl; search; True; 200; 0.117
2019-06-30 18:51:30,399; https://www.localhost.tralalala; can't \touch \\me; None; website unreachable; 0.055
2019-06-30 18:51:30,845; https://www.facebook.com; cmg; False; 200; 5.206
2019-06-30 18:51:34,084; https://www.facebook.com; cmg; False; 200; 0.237
2019-06-30 18:51:35,560; http://www.google.pl; search; True; 200; 0.335
2019-06-30 18:51:37,605; https://www.facebook.com; cmg; False; 200; 0.518
2019-06-30 18:51:40,459; https://www.localhost.tralalala; can't \touch \\me; None; website unreachable; 0.049
2019-06-30 18:51:40,838; https://www.facebook.com; cmg; False; 200; 0.23
2019-06-30 18:51:44,083; https://www.facebook.com; cmg; False; 200; 0.242
2019-06-30 18:51:45,716; http://www.google.pl; search; True; 200; 0.147
2019-06-30 18:51:47,416; https://www.facebook.com; cmg; False; 200; 0.33
2019-06-30 18:51:49,052; http://www.chomikuj.pl; param pam pam; False; 200; 1.072
2019-06-30 18:51:50,528; https://www.localhost.tralalala; can't \touch \\me; None; website unreachable; 0.059
2019-06-30 18:51:50,719; https://www.facebook.com; cmg; False; 200; 0.301
2019-06-30 18:51:54,002; https://www.facebook.com; cmg; False; 200; 0.279
2019-06-30 18:51:55,854; http://www.google.pl; search; True; 200; 0.129
2019-06-30 18:51:57,383; https://www.facebook.com; cmg; False; 200; 0.378
2019-06-30 18:52:00,594; https://www.localhost.tralalala; can't \touch \\me; None; website unreachable; 0.058
2019-06-30 18:52:00,680; https://www.facebook.com; cmg; False; 200; 0.294
2019-06-30 18:52:04,064; https://www.facebook.com; cmg; False; 200; 0.381
2019-06-30 18:52:05,973; http://www.google.pl; search; True; 200; 0.11
2019-06-30 18:52:07,308; https://www.facebook.com; cmg; False; 200; 0.241
2019-06-30 18:52:10,530; https://www.facebook.com; cmg; False; 200; 0.219
2019-06-30 18:52:10,662; https://www.localhost.tralalala; can't \touch \\me; None; website unreachable; 0.057
2019-06-30 18:52:13,964; https://www.facebook.com; cmg; False; 200; 0.431
2019-06-30 18:52:16,109; http://www.google.pl; search; True; 200; 0.125
2019-06-30 18:52:17,462; https://www.facebook.com; cmg; False; 200; 0.494
2019-06-30 18:52:20,723; https://www.localhost.tralalala; can't \touch \\me; None; website unreachable; 0.052
2019-06-30 18:52:20,735; https://www.facebook.com; cmg; False; 200; 0.27
2019-06-30 18:52:23,970; https://www.facebook.com; cmg; False; 200; 0.232
2019-06-30 18:52:26,234; http://www.google.pl; search; True; 200; 0.116
2019-06-30 18:52:27,272; https://www.facebook.com; cmg; False; 200; 0.3
2019-06-30 18:52:30,528; https://www.facebook.com; cmg; False; 200; 0.252
2019-06-30 18:52:30,786; https://www.localhost.tralalala; can't \touch \\me; None; website unreachable; 0.053
2019-06-30 18:52:33,930; https://www.facebook.com; cmg; False; 200; 0.399
2019-06-30 18:52:36,759; http://www.google.pl; search; True; 200; 0.515
2019-06-30 18:52:37,310; https://www.facebook.com; cmg; False; 200; 0.377
2019-06-30 18:52:40,886; https://www.facebook.com; cmg; False; 200; 0.574
2019-06-30 18:52:40,904; https://www.localhost.tralalala; can't \touch \\me; None; website unreachable; 0.108
2019-06-30 18:52:44,162; https://www.facebook.com; cmg; False; 200; 0.273
2019-06-30 18:52:46,901; http://www.google.pl; search; True; 200; 0.132
2019-06-30 18:52:47,522; https://www.facebook.com; cmg; False; 200; 0.358
2019-06-30 18:52:50,288; http://www.chomikuj.pl; param pam pam; False; 200; 1.176
2019-06-30 18:52:50,850; https://www.facebook.com; cmg; False; 200; 0.325
2019-06-30 18:52:50,972; https://www.localhost.tralalala; can't \touch \\me; None; website unreachable; 0.058
2019-06-30 18:52:54,101; https://www.facebook.com; cmg; False; 200; 0.248
2019-06-30 18:52:57,067; http://www.google.pl; search; True; 200; 0.156
2019-06-30 18:52:57,559; https://www.facebook.com; cmg; False; 200; 0.455
2019-06-30 18:53:00,966; https://www.facebook.com; cmg; False; 200; 0.404
2019-06-30 18:53:01,051; https://www.localhost.tralalala; can't \touch \\me; None; website unreachable; 0.069
2019-06-30 18:53:04,348; https://www.facebook.com; cmg; False; 200; 0.379
2019-06-30 18:53:07,210; http://www.google.pl; search; True; 200; 0.133
2019-06-30 18:53:07,612; https://www.facebook.com; cmg; False; 200; 0.262
2019-06-30 18:53:10,849; https://www.facebook.com; cmg; False; 200; 0.235
2019-06-30 18:53:11,113; https://www.localhost.tralalala; can't \touch \\me; None; website unreachable; 0.052
2019-06-30 18:53:14,179; https://www.facebook.com; cmg; False; 200; 0.328
2019-06-30 18:53:17,346; http://www.google.pl; search; True; 200; 0.126
2019-06-30 18:53:17,449; https://www.facebook.com; cmg; False; 200; 0.266
2019-06-30 18:53:20,927; https://www.facebook.com; cmg; False; 200; 0.475
2019-06-30 18:53:21,167; https://www.localhost.tralalala; can't \touch \\me; None; website unreachable; 0.045
2019-06-30 18:53:24,171; https://www.facebook.com; cmg; False; 200; 0.241
2019-06-30 18:53:27,429; https://www.facebook.com; cmg; False; 200; 0.255
2019-06-30 18:53:27,572; http://www.google.pl; search; True; 200; 0.216
2019-06-30 18:53:30,668; https://www.facebook.com; cmg; False; 200; 0.236
2019-06-30 18:53:31,228; https://www.localhost.tralalala; can't \touch \\me; None; website unreachable; 0.052
2019-06-30 18:53:33,937; https://www.facebook.com; cmg; False; 200; 0.267
2019-06-30 18:53:37,188; https://www.facebook.com; cmg; False; 200; 0.248
2019-06-30 18:53:37,708; http://www.google.pl; search; True; 200; 0.126
2019-06-30 18:53:40,481; https://www.facebook.com; cmg; False; 200; 0.29
2019-06-30 18:53:41,317; https://www.localhost.tralalala; can't \touch \\me; None; website unreachable; 0.079
2019-06-30 18:53:43,785; https://www.facebook.com; cmg; False; 200; 0.301
2019-06-30 18:53:47,111; https://www.facebook.com; cmg; False; 200; 0.324
2019-06-30 18:53:47,833; http://www.google.pl; search; True; 200; 0.116
2019-06-30 18:53:50,455; https://www.facebook.com; cmg; False; 200; 0.341
2019-06-30 18:53:51,380; http://www.chomikuj.pl; param pam pam; False; 200; 1.033
2019-06-30 18:53:51,383; https://www.localhost.tralalala; can't \touch \\me; None; website unreachable; 0.057
2019-06-30 18:53:53,712; https://www.facebook.com; cmg; False; 200; 0.254
2019-06-30 18:53:56,983; https://www.facebook.com; cmg; False; 200; 0.268
2019-06-30 18:53:57,968; http://www.google.pl; search; True; 200; 0.125
2019-06-30 18:54:00,265; https://www.facebook.com; cmg; False; 200; 0.279
2019-06-30 18:54:01,454; https://www.localhost.tralalala; can't \touch \\me; None; website unreachable; 0.061
2019-06-30 18:54:03,513; https://www.facebook.com; cmg; False; 200; 0.246
2019-06-30 18:54:06,779; https://www.facebook.com; cmg; False; 200; 0.262
2019-06-30 18:54:08,109; http://www.google.pl; search; True; 200; 0.13
2019-06-30 18:54:10,184; https://www.facebook.com; cmg; False; 200; 0.402
2019-06-30 18:54:11,524; https://www.localhost.tralalala; can't \touch \\me; None; website unreachable; 0.06
2019-06-30 18:54:13,651; https://www.facebook.com; cmg; True; 200; 0.464
2019-06-30 18:54:16,888; https://www.facebook.com; cmg; False; 200; 0.236
2019-06-30 18:54:18,247; http://www.google.pl; search; True; 200; 0.128
2019-06-30 18:54:20,273; https://www.facebook.com; cmg; False; 200; 0.382
2019-06-30 18:54:21,587; https://www.localhost.tralalala; can't \touch \\me; None; website unreachable; 0.053
2019-06-30 18:54:23,624; https://www.facebook.com; cmg; False; 200; 0.347
2019-06-30 18:54:26,916; https://www.facebook.com; cmg; False; 200; 0.29
2019-06-30 18:54:28,384; http://www.google.pl; search; True; 200; 0.127
2019-06-30 18:54:30,242; https://www.facebook.com; cmg; False; 200; 0.323
2019-06-30 18:54:31,660; https://www.localhost.tralalala; can't \touch \\me; None; website unreachable; 0.063
2019-06-30 18:54:33,506; https://www.facebook.com; cmg; False; 200; 0.261
2019-06-30 18:54:36,767; https://www.facebook.com; cmg; False; 200; 0.258
2019-06-30 18:54:38,514; http://www.google.pl; search; True; 200; 0.121
2019-06-30 18:54:40,035; https://www.facebook.com; cmg; False; 200; 0.266
2019-06-30 18:54:41,747; https://www.localhost.tralalala; can't \touch \\me; None; website unreachable; 0.079
2019-06-30 18:54:43,289; https://www.facebook.com; cmg; False; 200; 0.251
2019-06-30 18:54:46,551; https://www.facebook.com; cmg; False; 200; 0.259
2019-06-30 18:54:48,691; http://www.google.pl; search; True; 200; 0.174
2019-06-30 18:54:49,894; https://www.facebook.com; cmg; False; 200; 0.341
2019-06-30 18:54:51,818; https://www.localhost.tralalala; can't \touch \\me; None; website unreachable; 0.061
2019-06-30 18:54:52,552; http://www.chomikuj.pl; param pam pam; False; 200; 1.111
2019-06-30 18:54:53,400; https://www.facebook.com; cmg; False; 200; 0.503
2019-06-30 18:54:56,652; https://www.facebook.com; cmg; False; 200; 0.248
2019-06-30 18:54:58,825; http://www.google.pl; search; True; 200; 0.124
2019-06-30 18:55:00,158; https://www.facebook.com; cmg; False; 200; 0.503
2019-06-30 18:55:01,894; https://www.localhost.tralalala; can't \touch \\me; None; website unreachable; 0.066
2019-06-30 18:55:03,407; https://www.facebook.com; cmg; False; 200; 0.246
2019-06-30 18:55:06,703; https://www.facebook.com; cmg; False; 200; 0.293
2019-06-30 18:55:08,962; http://www.google.pl; search; True; 200; 0.126
2019-06-30 18:55:10,307; https://www.facebook.com; cmg; False; 200; 0.601
2019-06-30 18:55:11,967; https://www.localhost.tralalala; can't \touch \\me; None; website unreachable; 0.064
2019-06-30 18:55:13,550; https://www.facebook.com; cmg; False; 200; 0.241
2019-06-30 18:55:16,865; https://www.facebook.com; cmg; False; 200; 0.313
2019-06-30 18:55:19,100; http://www.google.pl; search; True; 200; 0.128
2019-06-30 18:55:20,130; https://www.facebook.com; cmg; False; 200; 0.262
2019-06-30 18:55:22,043; https://www.localhost.tralalala; can't \touch \\me; None; website unreachable; 0.066
2019-06-30 18:55:23,377; https://www.facebook.com; cmg; False; 200; 0.244
2019-06-30 18:55:26,649; https://www.facebook.com; cmg; False; 200; 0.27
2019-06-30 18:55:29,231; http://www.google.pl; search; True; 200; 0.121
2019-06-30 18:55:29,957; https://www.facebook.com; cmg; False; 200; 0.304
2019-06-30 18:55:32,099; https://www.localhost.tralalala; can't \touch \\me; None; website unreachable; 0.047
2019-06-30 18:55:33,220; https://www.facebook.com; cmg; False; 200; 0.26
2019-06-30 18:55:39,362; http://www.google.pl; search; True; 200; 0.121
2019-06-30 18:55:41,522; https://www.facebook.com; cmg; False; 200; 5.3
2019-06-30 18:55:42,240; https://www.localhost.tralalala; can't \touch \\me; None; website unreachable; 0.131
2019-06-30 18:55:44,920; https://www.facebook.com; cmg; False; 200; 0.395
2019-06-30 18:55:48,284; https://www.facebook.com; cmg; False; 200; 0.361
2019-06-30 18:55:49,500; http://www.google.pl; search; True; 200; 0.127
2019-06-30 18:55:51,764; https://www.facebook.com; cmg; False; 200; 0.477
2019-06-30 18:55:52,309; https://www.localhost.tralalala; can't \touch \\me; None; website unreachable; 0.06
2019-06-30 18:55:53,685; http://www.chomikuj.pl; param pam pam; False; 200; 1.073
2019-06-30 18:55:55,040; https://www.facebook.com; cmg; False; 200; 0.274
2019-06-30 18:55:58,373; https://www.facebook.com; cmg; False; 200; 0.33
2019-06-30 18:55:59,931; http://www.google.pl; search; True; 200; 0.421
2019-06-30 18:56:01,699; https://www.facebook.com; cmg; False; 200; 0.324
2019-06-30 18:56:02,394; https://www.localhost.tralalala; can't \touch \\me; None; website unreachable; 0.075
2019-06-30 18:56:05,036; https://www.facebook.com; cmg; False; 200; 0.334
2019-06-30 18:56:08,357; https://www.facebook.com; cmg; False; 200; 0.319
2019-06-30 18:56:10,067; http://www.google.pl; search; True; 200; 0.127
2019-06-30 18:56:11,809; https://www.facebook.com; cmg; False; 200; 0.449
2019-06-30 18:56:12,467; https://www.localhost.tralalala; can't \touch \\me; None; website unreachable; 0.063
2019-06-30 18:56:15,067; https://www.facebook.com; cmg; False; 200; 0.255
2019-06-30 18:56:18,548; https://www.facebook.com; cmg; False; 200; 0.477
2019-06-30 18:56:20,213; http://www.google.pl; search; True; 200; 0.136
2019-06-30 18:56:21,805; https://www.facebook.com; cmg; False; 200; 0.254
2019-06-30 18:56:22,537; https://www.localhost.tralalala; can't \touch \\me; None; website unreachable; 0.061
2019-06-30 18:56:25,085; https://www.facebook.com; cmg; False; 200; 0.277
2019-06-30 18:56:28,429; https://www.facebook.com; cmg; False; 200; 0.342
2019-06-30 18:56:30,343; http://www.google.pl; search; True; 200; 0.12
2019-06-30 18:56:31,712; https://www.facebook.com; cmg; False; 200; 0.28
2019-06-30 18:56:32,620; https://www.localhost.tralalala; can't \touch \\me; None; website unreachable; 0.073
2019-06-30 18:56:35,000; https://www.facebook.com; cmg; False; 200; 0.285
2019-06-30 18:56:38,250; https://www.facebook.com; cmg; False; 200; 0.247
2019-06-30 18:56:40,465; http://www.google.pl; search; True; 200; 0.112
2019-06-30 18:56:41,575; https://www.facebook.com; cmg; False; 200; 0.323
2019-06-30 18:56:42,685; https://www.localhost.tralalala; can't \touch \\me; None; website unreachable; 0.055
2019-06-30 18:56:44,818; https://www.facebook.com; cmg; False; 200; 0.241
2019-06-30 18:56:48,087; https://www.facebook.com; cmg; False; 200; 0.265
2019-06-30 18:56:50,618; http://www.google.pl; search; True; 200; 0.144
2019-06-30 18:56:51,426; https://www.facebook.com; cmg; False; 200; 0.336
2019-06-30 18:56:52,778; https://www.localhost.tralalala; can't \touch \\me; None; website unreachable; 0.084
2019-06-30 18:56:54,675; https://www.facebook.com; cmg; False; 200; 0.246
2019-06-30 18:56:54,920; http://www.chomikuj.pl; param pam pam; False; 200; 1.205
2019-06-30 18:56:58,034; https://www.facebook.com; cmg; False; 200; 0.356
2019-06-30 18:57:00,741; http://www.google.pl; search; True; 200; 0.112
2019-06-30 18:57:01,358; https://www.facebook.com; cmg; False; 200; 0.321
2019-06-30 18:57:02,843; https://www.localhost.tralalala; can't \touch \\me; None; website unreachable; 0.056
2019-06-30 18:57:04,626; https://www.facebook.com; cmg; False; 200; 0.264
2019-06-30 18:57:07,902; https://www.facebook.com; cmg; False; 200; 0.273
2019-06-30 18:57:10,873; http://www.google.pl; search; True; 200; 0.122
2019-06-30 18:57:11,206; https://www.facebook.com; cmg; False; 200; 0.301
2019-06-30 18:57:12,915; https://www.localhost.tralalala; can't \touch \\me; None; website unreachable; 0.063
2019-06-30 18:57:14,614; https://www.facebook.com; cmg; False; 200; 0.405
2019-06-30 18:57:18,091; https://www.facebook.com; cmg; False; 200; 0.474
2019-06-30 18:57:21,044; http://www.google.pl; search; True; 200; 0.162
2019-06-30 18:57:21,357; https://www.facebook.com; cmg; False; 200; 0.264
2019-06-30 18:57:22,982; https://www.localhost.tralalala; can't \touch \\me; None; website unreachable; 0.056
2019-06-30 18:57:24,751; https://www.facebook.com; cmg; False; 200; 0.39
2019-06-30 18:57:28,107; https://www.facebook.com; cmg; False; 200; 0.355
2019-06-30 18:57:31,176; http://www.google.pl; search; True; 200; 0.125
2019-06-30 18:57:31,358; https://www.facebook.com; cmg; False; 200; 0.248
2019-06-30 18:57:33,046; https://www.localhost.tralalala; can't \touch \\me; None; website unreachable; 0.054
2019-06-30 18:57:34,649; https://www.facebook.com; cmg; False; 200; 0.288
2019-06-30 18:57:37,890; https://www.facebook.com; cmg; False; 200; 0.238
2019-06-30 18:57:41,227; https://www.facebook.com; cmg; False; 200; 0.334
2019-06-30 18:57:41,321; http://www.google.pl; search; True; 200; 0.135
2019-06-30 18:57:43,108; https://www.localhost.tralalala; can't \touch \\me; None; website unreachable; 0.052
2019-06-30 18:57:44,482; https://www.facebook.com; cmg; False; 200; 0.252
2019-06-30 18:57:47,757; https://www.facebook.com; cmg; False; 200; 0.273
2019-06-30 18:57:51,007; https://www.facebook.com; cmg; False; 200; 0.247
2019-06-30 18:57:51,463; http://www.google.pl; search; True; 200; 0.132
2019-06-30 18:57:53,206; https://www.localhost.tralalala; can't \touch \\me; None; website unreachable; 0.089
2019-06-30 18:57:54,281; https://www.facebook.com; cmg; False; 200; 0.271
2019-06-30 18:57:56,052; http://www.chomikuj.pl; param pam pam; False; 200; 1.072
2019-06-30 18:57:57,576; https://www.facebook.com; cmg; False; 200; 0.293
2019-06-30 18:58:00,813; https://www.facebook.com; cmg; False; 200; 0.233
2019-06-30 18:58:01,709; http://www.google.pl; search; True; 200; 0.236
2019-06-30 18:58:03,273; https://www.localhost.tralalala; can't \touch \\me; None; website unreachable; 0.056
2019-06-30 18:58:04,155; https://www.facebook.com; cmg; False; 200; 0.339
2019-06-30 18:58:07,549; https://www.facebook.com; cmg; False; 200; 0.391
2019-06-30 18:58:10,929; https://www.facebook.com; cmg; False; 200; 0.378
2019-06-30 18:58:11,890; http://www.google.pl; search; True; 200; 0.171
2019-06-30 18:58:13,336; https://www.localhost.tralalala; can't \touch \\me; None; website unreachable; 0.053
2019-06-30 18:58:14,193; https://www.facebook.com; cmg; False; 200; 0.261
2019-06-30 18:58:17,427; https://www.facebook.com; cmg; False; 200; 0.231
2019-06-30 18:58:20,672; https://www.facebook.com; cmg; False; 200; 0.244
2019-06-30 18:58:22,063; http://www.google.pl; search; True; 200; 0.171
2019-06-30 18:58:23,421; https://www.localhost.tralalala; can't \touch \\me; None; website unreachable; 0.075
2019-06-30 18:58:23,906; https://www.facebook.com; cmg; False; 200; 0.232
2019-06-30 18:58:27,147; https://www.facebook.com; cmg; False; 200; 0.239
2019-06-30 18:58:30,416; https://www.facebook.com; cmg; False; 200; 0.265
2019-06-30 18:58:32,229; http://www.google.pl; search; True; 200; 0.156
2019-06-30 18:58:33,483; https://www.localhost.tralalala; can't \touch \\me; None; website unreachable; 0.052
2019-06-30 18:58:33,659; https://www.facebook.com; cmg; False; 200; 0.241
2019-06-30 18:58:36,989; https://www.facebook.com; cmg; False; 200; 0.328
2019-06-30 18:58:40,241; https://www.facebook.com; cmg; False; 200; 0.249
2019-06-30 18:58:42,362; http://www.google.pl; search; True; 200; 0.123
2019-06-30 18:58:43,535; https://www.facebook.com; cmg; False; 200; 0.291
2019-06-30 18:58:43,551; https://www.localhost.tralalala; can't \touch \\me; None; website unreachable; 0.058
2019-06-30 18:58:46,793; https://www.facebook.com; cmg; False; 200; 0.255
2019-06-30 18:58:50,020; https://www.facebook.com; cmg; False; 200; 0.224
2019-06-30 18:58:52,495; http://www.google.pl; search; True; 200; 0.125
2019-06-30 18:58:53,273; https://www.facebook.com; cmg; False; 200; 0.251
2019-06-30 18:58:53,621; https://www.localhost.tralalala; can't \touch \\me; None; website unreachable; 0.06
2019-06-30 18:58:56,551; https://www.facebook.com; cmg; False; 200; 0.275
2019-06-30 18:58:57,186; http://www.chomikuj.pl; param pam pam; False; 200; 1.074
2019-06-30 18:58:59,792; https://www.facebook.com; cmg; False; 200; 0.239
2019-06-30 18:59:02,632; http://www.google.pl; search; True; 200; 0.127
2019-06-30 18:59:03,098; https://www.facebook.com; cmg; False; 200; 0.303
2019-06-30 18:59:03,686; https://www.localhost.tralalala; can't \touch \\me; None; website unreachable; 0.056
2019-06-30 18:59:06,367; https://www.facebook.com; cmg; False; 200; 0.265
2019-06-30 18:59:09,606; https://www.facebook.com; cmg; False; 200; 0.237
2019-06-30 18:59:12,769; http://www.google.pl; search; True; 200; 0.127
2019-06-30 18:59:12,854; https://www.facebook.com; cmg; False; 200; 0.245
2019-06-30 18:59:13,796; https://www.localhost.tralalala; can't \touch \\me; None; website unreachable; 0.101
2019-06-30 18:59:16,134; https://www.facebook.com; cmg; False; 200; 0.278
2019-06-30 18:59:19,366; https://www.facebook.com; cmg; False; 200; 0.229
2019-06-30 18:59:22,753; https://www.facebook.com; cmg; False; 200; 0.383
2019-06-30 18:59:22,899; http://www.google.pl; search; True; 200; 0.12
2019-06-30 18:59:23,869; https://www.localhost.tralalala; can't \touch \\me; None; website unreachable; 0.063
2019-06-30 18:59:26,191; https://www.facebook.com; cmg; False; 200; 0.435
2019-06-30 18:59:29,572; https://www.facebook.com; cmg; False; 200; 0.379
2019-06-30 18:59:32,848; https://www.facebook.com; cmg; False; 200; 0.273
2019-06-30 18:59:33,044; http://www.google.pl; search; True; 200; 0.135
2019-06-30 18:59:33,960; https://www.localhost.tralalala; can't \touch \\me; None; website unreachable; 0.081
2019-06-30 18:59:36,130; https://www.facebook.com; cmg; False; 200; 0.28
2019-06-30 18:59:39,405; https://www.facebook.com; cmg; False; 200; 0.272
2019-06-30 18:59:42,668; https://www.facebook.com; cmg; False; 200; 0.261
2019-06-30 18:59:43,179; http://www.google.pl; search; True; 200; 0.126
2019-06-30 18:59:44,031; https://www.localhost.tralalala; can't \touch \\me; None; website unreachable; 0.062
2019-06-30 18:59:46,189; https://www.facebook.com; cmg; False; 200; 0.519
2019-06-30 18:59:49,439; https://www.facebook.com; cmg; False; 200; 0.247
2019-06-30 18:59:52,710; https://www.facebook.com; cmg; False; 200; 0.269
2019-06-30 18:59:53,318; http://www.google.pl; search; True; 200; 0.128
2019-06-30 18:59:54,096; https://www.localhost.tralalala; can't \touch \\me; None; website unreachable; 0.055
2019-06-30 18:59:56,021; https://www.facebook.com; cmg; False; 200; 0.307
2019-06-30 18:59:58,412; http://www.chomikuj.pl; param pam pam; False; 200; 1.166
2019-06-30 18:59:59,293; https://www.facebook.com; cmg; False; 200; 0.27
2019-06-30 19:00:02,535; https://www.facebook.com; cmg; False; 200; 0.24
2019-06-30 19:00:03,451; http://www.google.pl; search; True; 200; 0.123
2019-06-30 19:00:04,167; https://www.localhost.tralalala; can't \touch \\me; None; website unreachable; 0.062
2019-06-30 19:00:05,759; https://www.facebook.com; cmg; False; 200; 0.221
2019-06-30 19:00:09,009; https://www.facebook.com; cmg; False; 200; 0.248
2019-06-30 19:00:12,267; https://www.facebook.com; cmg; False; 200; 0.255
2019-06-30 19:00:13,591; http://www.google.pl; search; True; 200; 0.13
2019-06-30 19:00:14,269; https://www.localhost.tralalala; can't \touch \\me; None; website unreachable; 0.091
2019-06-30 19:00:15,847; https://www.facebook.com; cmg; False; 200; 0.577
2019-06-30 19:00:19,082; https://www.facebook.com; cmg; False; 200; 0.233
2019-06-30 19:00:22,339; https://www.facebook.com; cmg; False; 200; 0.254
2019-06-30 19:00:23,725; http://www.google.pl; search; True; 200; 0.124
2019-06-30 19:00:24,342; https://www.localhost.tralalala; can't \touch \\me; None; website unreachable; 0.063
2019-06-30 19:00:25,590; https://www.facebook.com; cmg; False; 200; 0.247
2019-06-30 19:00:28,912; https://www.facebook.com; cmg; False; 200; 0.319
2019-06-30 19:00:32,420; https://www.facebook.com; cmg; False; 200; 0.505
2019-06-30 19:00:33,853; http://www.google.pl; search; True; 200; 0.118
2019-06-30 19:00:34,412; https://www.localhost.tralalala; can't \touch \\me; None; website unreachable; 0.06
2019-06-30 19:00:35,746; https://www.facebook.com; cmg; False; 200; 0.324
2019-06-30 19:00:39,109; https://www.facebook.com; cmg; False; 200; 0.36
2019-06-30 19:00:42,340; https://www.facebook.com; cmg; False; 200; 0.228
2019-06-30 19:00:43,999; http://www.google.pl; search; True; 200; 0.136
2019-06-30 19:00:44,540; https://www.localhost.tralalala; can't \touch \\me; None; website unreachable; 0.119
2019-06-30 19:00:45,709; https://www.facebook.com; cmg; False; 200; 0.366
2019-06-30 19:00:48,952; https://www.facebook.com; cmg; False; 200; 0.241
2019-06-30 19:00:52,211; https://www.facebook.com; cmg; False; 200; 0.255
2019-06-30 19:00:54,139; http://www.google.pl; search; True; 200; 0.13
2019-06-30 19:00:54,607; https://www.localhost.tralalala; can't \touch \\me; None; website unreachable; 0.057
2019-06-30 19:00:55,586; https://www.facebook.com; cmg; False; 200; 0.373
2019-06-30 19:00:58,972; https://www.facebook.com; cmg; False; 200; 0.383
2019-06-30 19:00:59,529; http://www.chomikuj.pl; param pam pam; False; 200; 1.057
2019-06-30 19:01:02,297; https://www.facebook.com; cmg; False; 200; 0.322
2019-06-30 19:01:04,272; http://www.google.pl; search; True; 200; 0.123
2019-06-30 19:01:04,652; https://www.localhost.tralalala; can't \touch \\me; None; website unreachable; 0.045
2019-06-30 19:01:05,702; https://www.facebook.com; cmg; False; 200; 0.402
2019-06-30 19:01:09,106; https://www.facebook.com; cmg; False; 200; 0.402
2019-06-30 19:01:12,373; https://www.facebook.com; cmg; False; 200; 0.263
2019-06-30 19:01:14,435; http://www.google.pl; search; True; 200; 0.153
2019-06-30 19:01:14,877; https://www.localhost.tralalala; can't \touch \\me; None; website unreachable; 0.215
2019-06-30 19:01:15,646; https://www.facebook.com; cmg; False; 200; 0.27
2019-06-30 19:01:18,897; https://www.facebook.com; cmg; False; 200; 0.248
2019-06-30 19:01:22,131; https://www.facebook.com; cmg; False; 200; 0.232
2019-06-30 19:01:24,654; http://www.google.pl; search; True; 200; 0.21
2019-06-30 19:01:24,968; https://www.localhost.tralalala; can't \touch \\me; None; website unreachable; 0.081
2019-06-30 19:01:30,405; https://www.facebook.com; cmg; False; 200; 5.272
2019-06-30 19:01:33,657; https://www.facebook.com; cmg; False; 200; 0.249
2019-06-30 19:01:34,781; http://www.google.pl; search; True; 200; 0.116
2019-06-30 19:01:35,034; https://www.localhost.tralalala; can't \touch \\me; None; website unreachable; 0.056
2019-06-30 19:01:36,942; https://www.facebook.com; cmg; False; 200; 0.282
2019-06-30 19:01:40,223; https://www.facebook.com; cmg; False; 200; 0.278
2019-06-30 19:01:43,625; https://www.facebook.com; cmg; False; 200; 0.4
2019-06-30 19:01:45,121; https://www.localhost.tralalala; can't \touch \\me; None; website unreachable; 0.077
2019-06-30 19:01:45,168; http://www.google.pl; search; True; 200; 0.377
2019-06-30 19:01:46,882; https://www.facebook.com; cmg; False; 200; 0.254
2019-06-30 19:01:50,267; https://www.facebook.com; cmg; False; 200; 0.382
2019-06-30 19:01:53,642; https://www.facebook.com; cmg; False; 200; 0.372
2019-06-30 19:01:55,193; https://www.localhost.tralalala; can't \touch \\me; None; website unreachable; 0.062
2019-06-30 19:01:55,293; http://www.google.pl; search; True; 200; 0.123
2019-06-30 19:01:56,878; https://www.facebook.com; cmg; False; 200; 0.233
2019-06-30 19:02:00,121; https://www.facebook.com; cmg; False; 200; 0.24
2019-06-30 19:02:00,587; http://www.chomikuj.pl; param pam pam; False; 200; 0.998
2019-06-30 19:02:03,403; https://www.facebook.com; cmg; False; 200; 0.28
2019-06-30 19:02:05,253; https://www.localhost.tralalala; can't \touch \\me; None; website unreachable; 0.05
2019-06-30 19:02:05,441; http://www.google.pl; search; True; 200; 0.139
2019-06-30 19:02:06,693; https://www.facebook.com; cmg; False; 200; 0.287
2019-06-30 19:02:10,013; https://www.facebook.com; cmg; False; 200; 0.316
2019-06-30 19:02:13,277; https://www.facebook.com; cmg; False; 200; 0.261
2019-06-30 19:02:15,338; https://www.localhost.tralalala; can't \touch \\me; None; website unreachable; 0.075
2019-06-30 19:02:15,647; http://www.google.pl; search; True; 200; 0.196
2019-06-30 19:02:16,574; https://www.facebook.com; cmg; False; 200; 0.294
2019-06-30 19:02:19,820; https://www.facebook.com; cmg; False; 200; 0.243
2019-06-30 19:02:23,323; https://www.facebook.com; cmg; False; 200; 0.501
2019-06-30 19:02:25,401; https://www.localhost.tralalala; can't \touch \\me; None; website unreachable; 0.053
2019-06-30 19:02:25,782; http://www.google.pl; search; True; 200; 0.125
2019-06-30 19:02:26,716; https://www.facebook.com; cmg; False; 200; 0.389
2019-06-30 19:02:30,309; https://www.facebook.com; cmg; False; 200; 0.591
2019-06-30 19:02:33,586; https://www.facebook.com; cmg; False; 200; 0.274
2019-06-30 19:02:35,468; https://www.localhost.tralalala; can't \touch \\me; None; website unreachable; 0.057
2019-06-30 19:02:35,929; http://www.google.pl; search; True; 200; 0.137
2019-06-30 19:02:36,817; https://www.facebook.com; cmg; False; 200; 0.228
2019-06-30 19:02:40,138; https://www.facebook.com; cmg; False; 200; 0.318
2019-06-30 19:02:43,391; https://www.facebook.com; cmg; False; 200; 0.25
2019-06-30 19:02:45,543; https://www.localhost.tralalala; can't \touch \\me; None; website unreachable; 0.065
2019-06-30 19:02:46,069; http://www.google.pl; search; True; 200; 0.131
2019-06-30 19:02:46,782; https://www.facebook.com; cmg; False; 200; 0.388
2019-06-30 19:02:50,045; https://www.facebook.com; cmg; False; 200; 0.261
2019-06-30 19:02:53,305; https://www.facebook.com; cmg; False; 200; 0.257
2019-06-30 19:02:55,603; https://www.localhost.tralalala; can't \touch \\me; None; website unreachable; 0.05
2019-06-30 19:02:56,255; http://www.google.pl; search; True; 200; 0.176
2019-06-30 19:02:56,543; https://www.facebook.com; cmg; False; 200; 0.235
2019-06-30 19:02:59,802; https://www.facebook.com; cmg; False; 200; 0.256
2019-06-30 19:03:02,025; http://www.chomikuj.pl; param pam pam; False; 200; 1.378
2019-06-30 19:03:03,149; https://www.facebook.com; cmg; False; 200; 0.344
2019-06-30 19:03:05,669; https://www.localhost.tralalala; can't \touch \\me; None; website unreachable; 0.057
2019-06-30 19:03:06,377; http://www.google.pl; search; True; 200; 0.112
2019-06-30 19:03:06,482; https://www.facebook.com; cmg; False; 200; 0.33
2019-06-30 19:03:09,807; https://www.facebook.com; cmg; False; 200; 0.323
2019-06-30 19:03:13,322; https://www.facebook.com; cmg; False; 200; 0.512
2019-06-30 19:03:15,750; https://www.localhost.tralalala; can't \touch \\me; None; website unreachable; 0.07
2019-06-30 19:03:16,494; http://www.google.pl; search; True; 200; 0.107
2019-06-30 19:03:16,613; https://www.facebook.com; cmg; False; 200; 0.288
2019-06-30 19:03:19,973; https://www.facebook.com; cmg; False; 200; 0.358
2019-06-30 19:03:23,233; https://www.facebook.com; cmg; False; 200; 0.257
2019-06-30 19:03:25,828; https://www.localhost.tralalala; can't \touch \\me; None; website unreachable; 0.067
2019-06-30 19:03:26,563; https://www.facebook.com; cmg; False; 200; 0.327
2019-06-30 19:03:26,621; http://www.google.pl; search; True; 200; 0.125
2019-06-30 19:03:29,835; https://www.facebook.com; cmg; False; 200; 0.27
2019-06-30 19:03:33,070; https://www.facebook.com; cmg; False; 200; 0.233
2019-06-30 19:03:35,887; https://www.localhost.tralalala; can't \touch \\me; None; website unreachable; 0.05
2019-06-30 19:03:36,344; https://www.facebook.com; cmg; False; 200; 0.271
2019-06-30 19:03:36,753; http://www.google.pl; search; True; 200; 0.122
2019-06-30 19:03:39,571; https://www.facebook.com; cmg; False; 200; 0.224
2019-06-30 19:03:42,863; https://www.facebook.com; cmg; False; 200; 0.288
2019-06-30 19:03:45,968; https://www.localhost.tralalala; can't \touch \\me; None; website unreachable; 0.072
2019-06-30 19:03:46,197; https://www.facebook.com; cmg; False; 200; 0.332
2019-06-30 19:03:47,084; http://www.google.pl; search; True; 200; 0.321
2019-06-30 19:03:49,450; https://www.facebook.com; cmg; False; 200; 0.249
2019-06-30 19:03:52,713; https://www.facebook.com; cmg; False; 200; 0.259
2019-06-30 19:03:55,970; https://www.facebook.com; cmg; False; 200; 0.255
2019-06-30 19:03:56,024; https://www.localhost.tralalala; can't \touch \\me; None; website unreachable; 0.045
2019-06-30 19:03:57,209; http://www.google.pl; search; True; 200; 0.116
2019-06-30 19:03:59,305; https://www.facebook.com; cmg; False; 200; 0.331
2019-06-30 19:04:02,981; https://www.facebook.com; cmg; False; 200; 0.673
2019-06-30 19:04:03,260; http://www.chomikuj.pl; param pam pam; False; 200; 1.175
2019-06-30 19:04:06,087; https://www.localhost.tralalala; can't \touch \\me; None; website unreachable; 0.054
2019-06-30 19:04:06,242; https://www.facebook.com; cmg; False; 200; 0.259
2019-06-30 19:04:07,360; http://www.google.pl; search; True; 200; 0.141
2019-06-30 19:04:09,518; https://www.facebook.com; cmg; False; 200; 0.273
2019-06-30 19:04:12,798; https://www.facebook.com; cmg; False; 200; 0.278
2019-06-30 19:04:16,047; https://www.facebook.com; cmg; False; 200; 0.247
2019-06-30 19:04:16,144; https://www.localhost.tralalala; can't \touch \\me; None; website unreachable; 0.047
2019-06-30 19:04:17,499; http://www.google.pl; search; True; 200; 0.129
2019-06-30 19:04:19,303; https://www.facebook.com; cmg; False; 200; 0.253
2019-06-30 19:04:22,544; https://www.facebook.com; cmg; False; 200; 0.237
2019-06-30 19:04:25,789; https://www.facebook.com; cmg; False; 200; 0.242
2019-06-30 19:04:26,219; https://www.localhost.tralalala; can't \touch \\me; None; website unreachable; 0.065
2019-06-30 19:04:27,636; http://www.google.pl; search; True; 200; 0.128
2019-06-30 19:04:29,213; https://www.facebook.com; cmg; False; 200; 0.421
2019-06-30 19:04:32,458; https://www.facebook.com; cmg; False; 200; 0.242
2019-06-30 19:04:35,738; https://www.facebook.com; cmg; False; 200; 0.278
2019-06-30 19:04:36,279; https://www.localhost.tralalala; can't \touch \\me; None; website unreachable; 0.05
2019-06-30 19:04:37,783; http://www.google.pl; search; True; 200; 0.146
2019-06-30 19:04:38,983; https://www.facebook.com; cmg; False; 200; 0.242
2019-06-30 19:04:42,231; https://www.facebook.com; cmg; False; 200; 0.245
2019-06-30 19:04:45,497; https://www.facebook.com; cmg; False; 200; 0.263
2019-06-30 19:04:46,381; https://www.localhost.tralalala; can't \touch \\me; None; website unreachable; 0.092
2019-06-30 19:04:47,913; http://www.google.pl; search; True; 200; 0.121
2019-06-30 19:04:48,731; https://www.facebook.com; cmg; False; 200; 0.232
2019-06-30 19:04:52,020; https://www.facebook.com; cmg; True; 200; 0.285
2019-06-30 19:04:55,474; https://www.facebook.com; cmg; False; 200; 0.451
2019-06-30 19:04:56,442; https://www.localhost.tralalala; can't \touch \\me; None; website unreachable; 0.051
2019-06-30 19:04:58,049; http://www.google.pl; search; True; 200; 0.127
2019-06-30 19:04:58,730; https://www.facebook.com; cmg; False; 200; 0.253
2019-06-30 19:05:02,002; https://www.facebook.com; cmg; False; 200; 0.269
2019-06-30 19:05:04,501; http://www.chomikuj.pl; param pam pam; False; 200; 1.181
2019-06-30 19:05:05,265; https://www.facebook.com; cmg; False; 200; 0.261
2019-06-30 19:05:06,513; https://www.localhost.tralalala; can't \touch \\me; None; website unreachable; 0.066
2019-06-30 19:05:08,198; http://www.google.pl; search; True; 200; 0.139
2019-06-30 19:05:08,520; https://www.facebook.com; cmg; False; 200; 0.253
2019-06-30 19:05:11,757; https://www.facebook.com; cmg; False; 200; 0.234
2019-06-30 19:05:14,988; https://www.facebook.com; cmg; False; 200; 0.228
2019-06-30 19:05:16,590; https://www.localhost.tralalala; can't \touch \\me; None; website unreachable; 0.068
2019-06-30 19:05:18,238; https://www.facebook.com; cmg; False; 200; 0.248
2019-06-30 19:05:18,339; http://www.google.pl; search; True; 200; 0.131
2019-06-30 19:05:21,484; https://www.facebook.com; cmg; False; 200; 0.244
2019-06-30 19:05:24,732; https://www.facebook.com; cmg; False; 200; 0.245
2019-06-30 19:05:26,667; https://www.localhost.tralalala; can't \touch \\me; None; website unreachable; 0.068
2019-06-30 19:05:28,007; https://www.facebook.com; cmg; False; 200; 0.273
2019-06-30 19:05:28,470; http://www.google.pl; search; True; 200; 0.128
2019-06-30 19:05:31,566; https://www.facebook.com; cmg; False; 200; 0.555
2019-06-30 19:05:34,934; https://www.facebook.com; cmg; False; 200; 0.366
2019-06-30 19:05:36,729; https://www.localhost.tralalala; can't \touch \\me; None; website unreachable; 0.053
2019-06-30 19:05:38,415; https://www.facebook.com; cmg; False; 200; 0.478
2019-06-30 19:05:38,604; http://www.google.pl; search; True; 200; 0.124
2019-06-30 19:05:41,676; https://www.facebook.com; cmg; False; 200; 0.257
2019-06-30 19:05:44,914; https://www.facebook.com; cmg; False; 200; 0.235
2019-06-30 19:05:46,979; https://www.localhost.tralalala; can't \touch \\me; None; website unreachable; 0.24
2019-06-30 19:05:48,160; https://www.facebook.com; cmg; False; 200; 0.244
2019-06-30 19:05:48,793; http://www.google.pl; search; True; 200; 0.179
2019-06-30 19:05:56,442; https://www.facebook.com; cmg; False; 200; 5.279
2019-06-30 19:05:57,052; https://www.localhost.tralalala; can't \touch \\me; None; website unreachable; 0.062
2019-06-30 19:05:58,947; http://www.google.pl; search; True; 200; 0.145
2019-06-30 19:05:59,770; https://www.facebook.com; cmg; False; 200; 0.325
2019-06-30 19:06:03,012; https://www.facebook.com; cmg; False; 200; 0.239
2019-06-30 19:06:05,600; http://www.chomikuj.pl; param pam pam; False; 200; 1.039
2019-06-30 19:06:06,250; https://www.facebook.com; cmg; False; 200; 0.235
2019-06-30 19:06:07,120; https://www.localhost.tralalala; can't \touch \\me; None; website unreachable; 0.058
2019-06-30 19:06:09,092; http://www.google.pl; search; True; 200; 0.135
2019-06-30 19:06:09,548; https://www.facebook.com; cmg; False; 200; 0.296
2019-06-30 19:06:12,810; https://www.facebook.com; cmg; False; 200; 0.258
2019-06-30 19:06:16,206; https://www.facebook.com; cmg; False; 200; 0.394
2019-06-30 19:06:17,192; https://www.localhost.tralalala; can't \touch \\me; None; website unreachable; 0.066
2019-06-30 19:06:19,245; http://www.google.pl; search; True; 200; 0.143
2019-06-30 19:06:19,437; https://www.facebook.com; cmg; False; 200; 0.228
2019-06-30 19:06:22,709; https://www.facebook.com; cmg; False; 200; 0.269
2019-06-30 19:06:25,973; https://www.facebook.com; cmg; False; 200; 0.26
2019-06-30 19:06:27,253; https://www.localhost.tralalala; can't \touch \\me; None; website unreachable; 0.051
2019-06-30 19:06:29,241; https://www.facebook.com; cmg; False; 200; 0.265
2019-06-30 19:06:29,604; http://www.google.pl; search; True; 200; 0.35
2019-06-30 19:06:32,497; https://www.facebook.com; cmg; False; 200; 0.253
2019-06-30 19:06:35,853; https://www.facebook.com; cmg; False; 200; 0.353
2019-06-30 19:06:37,333; https://www.localhost.tralalala; can't \touch \\me; None; website unreachable; 0.07
2019-06-30 19:06:39,250; https://www.facebook.com; cmg; False; 200; 0.393
2019-06-30 19:06:39,766; http://www.google.pl; search; True; 200; 0.151
